Main.obj : error LNK2001: unresolved external symbol glfwSwapBuffers
Main.obj : error LNK2001: unresolved external symbol __imp___glewUseProgram
Main.obj : error LNK2001: unresolved external symbol glfwGetTime
Main.obj : error LNK2001: unresolved external symbol glfwTerminate
Main.obj : error LNK2001: unresolved external symbol glfwPollEvents
Main.obj : error LNK2001: unresolved external symbol __imp___glewUniformMatrix4fv
Main.obj : error LNK2001: unresolved external symbol glfwWindowShouldClose
Mesh.obj : error LNK2001: unresolved external symbol __imp___glewEnableVertexAttribArray
Mesh.obj : error LNK2001: unresolved external symbol __imp___glewBindVertexArray
Mesh.obj : error LNK2001: unresolved external symbol __imp___glewVertexAttribPointer
Mesh.obj : error LNK2001: unresolved external symbol __imp___glewBindBuffer
Mesh.obj : error LNK2001: unresolved external symbol __imp___glewBufferData
Mesh.obj : error LNK2001: unresolved external symbol __imp___glewGenVertexArrays
Mesh.obj : error LNK2001: unresolved external symbol __imp___glewGenBuffers
Shader.obj : error LNK2001: unresolved external symbol __imp___glewCompileShader
Shader.obj : error LNK2001: unresolved external symbol __imp___glewCreateShader
Shader.obj : error LNK2001: unresolved external symbol __imp___glewCreateProgram
Shader.obj : error LNK2001: unresolved external symbol __imp___glewValidateProgram
Shader.obj : error LNK2001: unresolved external symbol __imp___glewGetUniformLocation
Shader.obj : error LNK2001: unresolved external symbol __imp___glewAttachShader
Shader.obj : error LNK2001: unresolved external symbol __imp___glewShaderSource
Shader.obj : error LNK2001: unresolved external symbol __imp___glewLinkProgram
Texture.obj : error LNK2001: unresolved external symbol __imp___glewGenerateMipmap
Window.obj : error LNK2001: unresolved external symbol glfwSwapInterval
Window.obj : error LNK2001: unresolved external symbol glfwGetWindowUserPointer
Window.obj : error LNK2001: unresolved external symbol glfwGetFramebufferSize
Window.obj : error LNK2001: unresolved external symbol glfwInit
Window.obj : error LNK2001: unresolved external symbol glfwSetKeyCallback
Window.obj : error LNK2001: unresolved external symbol glfwSetWindowShouldClose
Window.obj : error LNK2001: unresolved external symbol glfwCreateWindow
Window.obj : error LNK2001: unresolved external symbol glfwWindowHint
Window.obj : error LNK2001: unresolved external symbol glfwSetInputMode
Window.obj : error LNK2001: unresolved external symbol glfwMakeContextCurrent
Window.obj : error LNK2001: unresolved external symbol glfwSetWindowUserPointer
Window.obj : error LNK2001: unresolved external symbol glfwDestroyWindow
Window.obj : error LNK2001: unresolved external symbol __imp_glewExperimental
Window.obj : error LNK2001: unresolved external symbol glfwSetCursorPosCallback
Window.obj : error LNK2001: unresolved external symbol __imp_glewInit
C:\dev\MyOpenGL\x64\Release\MyOpenGL.exe : fatal error LNK1120: 38 unresolved externals
