Main.obj : error LNK2019: unresolved external symbol glfwTerminate referenced in function main
Window.obj : error LNK2001: unresolved external symbol glfwTerminate
Main.obj : error LNK2019: unresolved external symbol glfwWindowShouldClose referenced in function main
Main.obj : error LNK2019: unresolved external symbol glfwPollEvents referenced in function main
Main.obj : error LNK2019: unresolved external symbol glfwGetTime referenced in function main
Main.obj : error LNK2019: unresolved external symbol glfwSwapBuffers referenced in function main
Main.obj : error LNK2001: unresolved external symbol __imp___glewUniformMatrix4fv
Main.obj : error LNK2001: unresolved external symbol __imp___glewUseProgram
Mesh.obj : error LNK2001: unresolved external symbol __imp___glewBindBuffer
Mesh.obj : error LNK2001: unresolved external symbol __imp___glewBufferData
Mesh.obj : error LNK2001: unresolved external symbol __imp___glewGenBuffers
Mesh.obj : error LNK2001: unresolved external symbol __imp___glewEnableVertexAttribArray
Mesh.obj : error LNK2001: unresolved external symbol __imp___glewVertexAttribPointer
Mesh.obj : error LNK2001: unresolved external symbol __imp___glewBindVertexArray
Mesh.obj : error LNK2001: unresolved external symbol __imp___glewGenVertexArrays
Shader.obj : error LNK2001: unresolved external symbol __imp___glewAttachShader
Shader.obj : error LNK2001: unresolved external symbol __imp___glewCompileShader
Shader.obj : error LNK2001: unresolved external symbol __imp___glewCreateProgram
Shader.obj : error LNK2001: unresolved external symbol __imp___glewCreateShader
Shader.obj : error LNK2001: unresolved external symbol __imp___glewGetUniformLocation
Shader.obj : error LNK2001: unresolved external symbol __imp___glewLinkProgram
Shader.obj : error LNK2001: unresolved external symbol __imp___glewShaderSource
Shader.obj : error LNK2001: unresolved external symbol __imp___glewValidateProgram
Texture.obj : error LNK2001: unresolved external symbol __imp___glewGenerateMipmap
Window.obj : error LNK2019: unresolved external symbol __imp_glewInit referenced in function "public: int __cdecl Window::InitialiseWindow(void)" (?InitialiseWindow@Window@@QEAAHXZ)
Window.obj : error LNK2019: unresolved external symbol glfwInit referenced in function "public: int __cdecl Window::InitialiseWindow(void)" (?InitialiseWindow@Window@@QEAAHXZ)
Window.obj : error LNK2019: unresolved external symbol glfwWindowHint referenced in function "public: int __cdecl Window::InitialiseWindow(void)" (?InitialiseWindow@Window@@QEAAHXZ)
Window.obj : error LNK2019: unresolved external symbol glfwCreateWindow referenced in function "public: int __cdecl Window::InitialiseWindow(void)" (?InitialiseWindow@Window@@QEAAHXZ)
Window.obj : error LNK2019: unresolved external symbol glfwDestroyWindow referenced in function "public: int __cdecl Window::InitialiseWindow(void)" (?InitialiseWindow@Window@@QEAAHXZ)
Window.obj : error LNK2019: unresolved external symbol glfwSetWindowShouldClose referenced in function "private: static void __cdecl Window::GLFWkeyfun(struct GLFWwindow *,int,int,int,int)" (?GLFWkeyfun@Window@@CAXPEAUGLFWwindow@@HHHH@Z)
Window.obj : error LNK2019: unresolved external symbol glfwGetFramebufferSize referenced in function "public: int __cdecl Window::InitialiseWindow(void)" (?InitialiseWindow@Window@@QEAAHXZ)
Window.obj : error LNK2019: unresolved external symbol glfwSetWindowUserPointer referenced in function "public: int __cdecl Window::InitialiseWindow(void)" (?InitialiseWindow@Window@@QEAAHXZ)
Window.obj : error LNK2019: unresolved external symbol glfwGetWindowUserPointer referenced in function "private: static void __cdecl Window::GLFWkeyfun(struct GLFWwindow *,int,int,int,int)" (?GLFWkeyfun@Window@@CAXPEAUGLFWwindow@@HHHH@Z)
Window.obj : error LNK2019: unresolved external symbol glfwSetInputMode referenced in function "public: int __cdecl Window::InitialiseWindow(void)" (?InitialiseWindow@Window@@QEAAHXZ)
Window.obj : error LNK2019: unresolved external symbol glfwSetKeyCallback referenced in function "public: int __cdecl Window::InitialiseWindow(void)" (?InitialiseWindow@Window@@QEAAHXZ)
Window.obj : error LNK2019: unresolved external symbol glfwSetCursorPosCallback referenced in function "public: int __cdecl Window::InitialiseWindow(void)" (?InitialiseWindow@Window@@QEAAHXZ)
Window.obj : error LNK2019: unresolved external symbol glfwMakeContextCurrent referenced in function "public: int __cdecl Window::InitialiseWindow(void)" (?InitialiseWindow@Window@@QEAAHXZ)
Window.obj : error LNK2019: unresolved external symbol glfwSwapInterval referenced in function "public: int __cdecl Window::InitialiseWindow(void)" (?InitialiseWindow@Window@@QEAAHXZ)
Window.obj : error LNK2001: unresolved external symbol __imp_glewExperimental
C:\dev\MyOpenGL\Dependencies\GLEW\lib\Release\Win32\glew32.lib : warning LNK4272: library machine type 'x86' conflicts with target machine type 'x64'
C:\dev\MyOpenGL\Dependencies\GLFW\lib-vc2019\\glfw3.lib : warning LNK4272: library machine type 'x86' conflicts with target machine type 'x64'
C:\dev\MyOpenGL\x64\Debug\MyOpenGL.exe : fatal error LNK1120: 38 unresolved externals
