c:\dev\myopengl\myopengl\debug\vc142.pdb
c:\dev\myopengl\myopengl\debug\vc142.idb
c:\dev\myopengl\myopengl\debug\window.obj
c:\dev\myopengl\myopengl\debug\shader.obj
c:\dev\myopengl\myopengl\debug\mesh.obj
c:\dev\myopengl\myopengl\debug\main.obj
c:\dev\myopengl\myopengl\debug\camera.obj
c:\dev\myopengl\myopengl\debug\texture.obj
c:\dev\myopengl\debug\myopengl.ilk
c:\dev\myopengl\debug\myopengl.exe
c:\dev\myopengl\debug\myopengl.pdb
c:\dev\myopengl\myopengl\debug\myopengl.tlog\cl.command.1.tlog
c:\dev\myopengl\myopengl\debug\myopengl.tlog\cl.read.1.tlog
c:\dev\myopengl\myopengl\debug\myopengl.tlog\cl.write.1.tlog
c:\dev\myopengl\myopengl\debug\myopengl.tlog\link-cvtres.read.1.tlog
c:\dev\myopengl\myopengl\debug\myopengl.tlog\link-cvtres.write.1.tlog
c:\dev\myopengl\myopengl\debug\myopengl.tlog\link-rc.read.1.tlog
c:\dev\myopengl\myopengl\debug\myopengl.tlog\link-rc.write.1.tlog
c:\dev\myopengl\myopengl\debug\myopengl.tlog\link.22712-cvtres.read.1.tlog
c:\dev\myopengl\myopengl\debug\myopengl.tlog\link.22712-cvtres.write.1.tlog
c:\dev\myopengl\myopengl\debug\myopengl.tlog\link.22712-rc.read.1.tlog
c:\dev\myopengl\myopengl\debug\myopengl.tlog\link.22712-rc.write.1.tlog
c:\dev\myopengl\myopengl\debug\myopengl.tlog\link.22712.read.1.tlog
c:\dev\myopengl\myopengl\debug\myopengl.tlog\link.22712.write.1.tlog
c:\dev\myopengl\myopengl\debug\myopengl.tlog\link.command.1.tlog
c:\dev\myopengl\myopengl\debug\myopengl.tlog\link.read.1.tlog
c:\dev\myopengl\myopengl\debug\myopengl.tlog\link.write.1.tlog
